<?xml version="1.0" encoding="UTF-8"?>
<!-- Generated by org.testng.reporters.JUnitReportReporter -->
<testsuite skipped="0" hostname="DESKTOP-06OUV9F" name="mt.mstr.modules.Launch" tests="1" failures="0" timestamp="07 Jul 2019 06:29:53 GMT" time="7.679" errors="0">
  <testcase name="executeLaunch" time="7.679" classname="mt.mstr.modules.Launch"/>
</testsuite> <!-- mt.mstr.modules.Launch -->
