<?xml version="1.0" encoding="UTF-8"?>
<!-- Generated by org.testng.reporters.JUnitReportReporter -->
<testsuite hostname="Lenovo" name="mt.mstr.modules.Login" tests="2" failures="0" timestamp="7 Jul 2019 10:15:46 GMT" time="16.295" errors="0">
  <testcase name="executeLoginwithValidds" time="8.704" classname="mt.mstr.modules.Login"/>
  <testcase name="executeLoginwithINValidds" time="7.591" classname="mt.mstr.modules.Login"/>
</testsuite> <!-- mt.mstr.modules.Login -->
