<?xml version="1.0" encoding="UTF-8"?>
<!-- Generated by org.testng.reporters.JUnitReportReporter -->
<testsuite hostname="Lenovo" name="mt.mstr.modules.Launch" tests="1" failures="0" timestamp="7 Jul 2019 10:15:46 GMT" time="5.629" errors="0">
  <testcase name="executeLaunch" time="5.629" classname="mt.mstr.modules.Launch"/>
</testsuite> <!-- mt.mstr.modules.Launch -->
