<?xml version="1.0" encoding="UTF-8"?>
<!-- Generated by org.testng.reporters.JUnitReportReporter -->
<testsuite skipped="0" hostname="DESKTOP-06OUV9F" name="mt.mstr.modules.Login" tests="1" failures="0" timestamp="29 Jun 2019 10:27:06 GMT" time="7.644" errors="0">
  <testcase name="executeLoginwithValidds" time="7.644" classname="mt.mstr.modules.Login"/>
</testsuite> <!-- mt.mstr.modules.Login -->
